<?xml version="1.0" encoding="UTF-8"?>
<testng-results ignored="0" total="2" passed="2" failed="0" skipped="0">
  <reporter-output>
  </reporter-output>
  <suite started-at="2023-06-24T11:10:47 IST" name="Suite" finished-at="2023-06-24T11:10:56 IST" duration-ms="8673">
    <groups>
    </groups>
    <test started-at="2023-06-24T11:10:47 IST" name="Test" finished-at="2023-06-24T11:10:56 IST" duration-ms="8673">
      <class name="Meta.FacebookTitle">
        <test-method signature="title()[pri:0, instance:Meta.FacebookTitle@3b938003]" started-at="2023-06-24T11:10:53 IST" name="title" finished-at="2023-06-24T11:10:56 IST" duration-ms="3054" status="PASS">
          <reporter-output>
          </reporter-output>
        </test-method> <!-- title -->
      </class> <!-- Meta.FacebookTitle -->
      <class name="Meta.FacebookTitle2">
        <test-method signature="title()[pri:0, instance:Meta.FacebookTitle2@48524010]" started-at="2023-06-24T11:10:47 IST" name="title" finished-at="2023-06-24T11:10:53 IST" duration-ms="5552" status="PASS">
          <reporter-output>
          </reporter-output>
        </test-method> <!-- title -->
      </class> <!-- Meta.FacebookTitle2 -->
    </test> <!-- Test -->
  </suite> <!-- Suite -->
</testng-results>
