<?xml version="1.0" encoding="UTF-8"?>
<testng-results ignored="0" total="1" passed="1" failed="0" skipped="0">
  <reporter-output>
  </reporter-output>
  <suite started-at="2023-06-18T14:32:54 IST" name="Suite" finished-at="2023-06-18T14:32:58 IST" duration-ms="4024">
    <groups>
    </groups>
    <test started-at="2023-06-18T14:32:54 IST" name="Test" finished-at="2023-06-18T14:32:58 IST" duration-ms="4024">
      <class name="Meta.FacebookTitle">
        <test-method signature="title()[pri:0, instance:Meta.FacebookTitle@6bd61f98]" started-at="2023-06-18T14:32:54 IST" name="title" finished-at="2023-06-18T14:32:58 IST" duration-ms="3974" status="PASS">
          <reporter-output>
          </reporter-output>
        </test-method> <!-- title -->
      </class> <!-- Meta.FacebookTitle -->
    </test> <!-- Test -->
  </suite> <!-- Suite -->
</testng-results>
